Mono path[0] = '/data/vision/torralba/frames/data_acquisition/SyntheticStories/website/release/simulator/v2.0/v2.2.5_beta4/linux_exec.v2.2.5_beta4_Data/Managed'
Mono config path = '/data/vision/torralba/frames/data_acquisition/SyntheticStories/website/release/simulator/v2.0/v2.2.5_beta4/linux_exec.v2.2.5_beta4_Data/MonoBleedingEdge/etc'
Initialize engine version: 2019.4.28f1 (1381962e9d08)
[Subsystems] Discovering subsystems at path /data/vision/torralba/frames/data_acquisition/SyntheticStories/website/release/simulator/v2.0/v2.2.5_beta4/linux_exec.v2.2.5_beta4_Data/UnitySubsystems
Forcing GfxDevice: Null
GfxDevice: creating device client; threaded=0
NullGfxDevice:
    Version:  NULL 1.0 [1.0]
    Renderer: Null Device
    Vendor:   Unity Technologies
ALSA lib confmisc.c:768:(parse_card) cannot find card '0'
ALSA lib conf.c:4292:(_snd_config_evaluate) function snd_func_card_driver returned error: No such file or directory
ALSA lib confmisc.c:392:(snd_func_concat) error evaluating strings
ALSA lib conf.c:4292:(_snd_config_evaluate) function snd_func_concat returned error: No such file or directory
ALSA lib confmisc.c:1251:(snd_func_refer) error evaluating name
ALSA lib conf.c:4292:(_snd_config_evaluate) function snd_func_refer returned error: No such file or directory
ALSA lib conf.c:4771:(snd_config_expand) Evaluate error: No such file or directory
ALSA lib pcm.c:2266:(snd_pcm_open_noupdate) Unknown PCM default
FMOD failed to initialize the output device.: "Error initializing output device. " (60) 
(Filename:  Line: 1652)

Forced to initialize FMOD to to the device driver's system output rate 48000, this may impact performance and/or give inconsistent experiences compared to selected sample rate 48000 
(Filename:  Line: 1588)

ALSA lib confmisc.c:768:(parse_card) cannot find card '0'
ALSA lib conf.c:4292:(_snd_config_evaluate) function snd_func_card_driver returned error: No such file or directory
ALSA lib confmisc.c:392:(snd_func_concat) error evaluating strings
ALSA lib conf.c:4292:(_snd_config_evaluate) function snd_func_concat returned error: No such file or directory
ALSA lib confmisc.c:1251:(snd_func_refer) error evaluating name
ALSA lib conf.c:4292:(_snd_config_evaluate) function snd_func_refer returned error: No such file or directory
ALSA lib conf.c:4771:(snd_config_expand) Evaluate error: No such file or directory
ALSA lib pcm.c:2266:(snd_pcm_open_noupdate) Unknown PCM default
FMOD failed to initialize the output device.: "Error initializing output device. " (60) 
(Filename:  Line: 1652)

FMOD initialized on nosound output
Begin MonoManager ReloadAssembly
- Completed reload, in  0.176 seconds
UnloadTime: 1.304095 ms
HEre 
(Filename: ./Runtime/Export/Debug/Debug.bindings.h Line: 39)

HEre 
(Filename: ./Runtime/Export/Debug/Debug.bindings.h Line: 39)

HEre 
(Filename: ./Runtime/Export/Debug/Debug.bindings.h Line: 39)

HEre 
(Filename: ./Runtime/Export/Debug/Debug.bindings.h Line: 39)

Waiting for request 
(Filename: ./Runtime/Export/Debug/Debug.bindings.h Line: 39)

Received request: {"id": "1648581249.0328176", "action": "clear", "intParams": [0]} 
(Filename: ./Runtime/Export/Debug/Debug.bindings.h Line: 39)

Processing 
(Filename: ./Runtime/Export/Debug/Debug.bindings.h Line: 39)

Waiting for request 
(Filename: ./Runtime/Export/Debug/Debug.bindings.h Line: 39)

Received request: {"id": "1648581249.2256954", "action": "environment", "intParams": [0]} 
(Filename: ./Runtime/Export/Debug/Debug.bindings.h Line: 39)

Processing 
(Filename: ./Runtime/Export/Debug/Debug.bindings.h Line: 39)

Waiting for request 
(Filename: ./Runtime/Export/Debug/Debug.bindings.h Line: 39)

Received request: {"id": "1648581252.5544786", "action": "clear", "intParams": [67]} 
(Filename: ./Runtime/Export/Debug/Debug.bindings.h Line: 39)

Processing 
(Filename: ./Runtime/Export/Debug/Debug.bindings.h Line: 39)

Waiting for request 
(Filename: ./Runtime/Export/Debug/Debug.bindings.h Line: 39)

Received request: {"id": "1648581252.5609927", "action": "environment", "intParams": [67]} 
(Filename: ./Runtime/Export/Debug/Debug.bindings.h Line: 39)

Processing 
(Filename: ./Runtime/Export/Debug/Debug.bindings.h Line: 39)

Waiting for request 
(Filename: ./Runtime/Export/Debug/Debug.bindings.h Line: 39)

Received request: {"id": "1648581415.3605402", "action": "clear", "intParams": [0]} 
(Filename: ./Runtime/Export/Debug/Debug.bindings.h Line: 39)

Processing 
(Filename: ./Runtime/Export/Debug/Debug.bindings.h Line: 39)

Waiting for request 
(Filename: ./Runtime/Export/Debug/Debug.bindings.h Line: 39)

Received request: {"id": "1648581415.3683746", "action": "environment", "intParams": [0]} 
(Filename: ./Runtime/Export/Debug/Debug.bindings.h Line: 39)

Processing 
(Filename: ./Runtime/Export/Debug/Debug.bindings.h Line: 39)

Waiting for request 
(Filename: ./Runtime/Export/Debug/Debug.bindings.h Line: 39)

Received request: {"id": "1648581417.6011062", "action": "clear", "intParams": [3]} 
(Filename: ./Runtime/Export/Debug/Debug.bindings.h Line: 39)

Processing 
(Filename: ./Runtime/Export/Debug/Debug.bindings.h Line: 39)

Waiting for request 
(Filename: ./Runtime/Export/Debug/Debug.bindings.h Line: 39)

Received request: {"id": "1648581417.607336", "action": "environment", "intParams": [3]} 
(Filename: ./Runtime/Export/Debug/Debug.bindings.h Line: 39)

Processing 
(Filename: ./Runtime/Export/Debug/Debug.bindings.h Line: 39)

Waiting for request 
(Filename: ./Runtime/Export/Debug/Debug.bindings.h Line: 39)

Setting up 24 worker threads for Enlighten.
  Thread -> id: 7fb7a3362700 -> priority: 1 
  Thread -> id: 7fb7a2b61700 -> priority: 1 
  Thread -> id: 7fb7a2360700 -> priority: 1 
  Thread -> id: 7fb7a1b5f700 -> priority: 1 
  Thread -> id: 7fb7a135e700 -> priority: 1 
  Thread -> id: 7fb7a0b5d700 -> priority: 1 
  Thread -> id: 7fb717fff700 -> priority: 1 
  Thread -> id: 7fb7177fe700 -> priority: 1 
  Thread -> id: 7fb716ffd700 -> priority: 1 
  Thread -> id: 7fb7167fc700 -> priority: 1 
  Thread -> id: 7fb715ffb700 -> priority: 1 
  Thread -> id: 7fb7157fa700 -> priority: 1 
  Thread -> id: 7fb714ff9700 -> priority: 1 
  Thread -> id: 7fb7147f8700 -> priority: 1 
  Thread -> id: 7fb713ff7700 -> priority: 1 
  Thread -> id: 7fb7137f6700 -> priority: 1 
  Thread -> id: 7fb712ff5700 -> priority: 1 
  Thread -> id: 7fb7127f4700 -> priority: 1 
  Thread -> id: 7fb711ff3700 -> priority: 1 
  Thread -> id: 7fb7117f2700 -> priority: 1 
  Thread -> id: 7fb710ff1700 -> priority: 1 
  Thread -> id: 7fb7107f0700 -> priority: 1 
  Thread -> id: 7fb70ffef700 -> priority: 1 
  Thread -> id: 7fb70f7ee700 -> priority: 1 
